This is pdfTeX, Version 3.14159265-2.6-1.40.21 (MiKTeX 2.9.7380 64-bit) (preloaded format=pdflatex 2020.4.5)  22 MAR 2021 11:40
entering extended mode
**./Sprawozdanie-projekt-1-klasyfikacja.tex
(Sprawozdanie-projekt-1-klasyfikacja.tex
LaTeX2e <2020-02-02> patch level 5
L3 programming layer <2020-03-06> (classrep.cls
Document Class: classrep 2009/11/27 ICS Class Assignment Report
("C:\Users\Przemek\AppData\Local\Programs\MiKTeX 2.9\tex/latex/mwcls\mwart.cls"
Document Class: mwart 2017/05/13 v0.75 A LaTeX document class (MW)
*** Beta version. Formatting may change
*** in future versions of this class.
("C:\Users\Przemek\AppData\Local\Programs\MiKTeX 2.9\tex/latex/mwcls\mw12.clo"
File: mw12.clo 2017/05/13 v0.75 A document class size option (MW)
)
\@parindent=\dimen134
\c@part=\count167
\c@section=\count168
\c@subsection=\count169
\c@subsubsection=\count170
\c@paragraph=\count171
\c@subparagraph=\count172
\c@figure=\count173
\c@table=\count174
\abovecaptionskip=\skip47
\belowcaptionskip=\skip48
\bibindent=\dimen135
)
("C:\Users\Przemek\AppData\Local\Programs\MiKTeX 2.9\tex/latex/polski\polski.st
y"
Package: polski 2017/05/04 v1.3.4 Polish language package

("C:\Users\Przemek\AppData\Local\Programs\MiKTeX 2.9\tex/latex/base\ot4enc.def"
File: ot4enc.def 2020/02/11 v2.0o Standard LaTeX file
Now handling font encoding OT4 ...
... no UTF-8 mapping file for font encoding OT4
)) ("C:\Users\Przemek\AppData\Local\Programs\MiKTeX 2.9\tex/latex/url\url.sty"
\Urlmuskip=\muskip16
Package: url 2013/09/16  ver 3.4  Verb mode for urls, etc.
))
("C:\Users\Przemek\AppData\Local\Programs\MiKTeX 2.9\tex/latex/base\inputenc.st
y"
Package: inputenc 2018/08/11 v1.3c Input encoding file
\inpenc@prehook=\toks15
\inpenc@posthook=\toks16
)
("C:\Users\Przemek\AppData\Local\Programs\MiKTeX 2.9\tex/latex/graphics\color.s
ty"
Package: color 2019/11/23 v1.2a Standard LaTeX Color (DPC)

("C:\Users\Przemek\AppData\Local\Programs\MiKTeX 2.9\tex/latex/graphics-cfg\col
or.cfg"
File: color.cfg 2016/01/02 v1.6 sample color configuration
)
Package color Info: Driver file: pdftex.def on input line 147.

("C:\Users\Przemek\AppData\Local\Programs\MiKTeX 2.9\tex/latex/graphics-def\pdf
tex.def"
File: pdftex.def 2018/01/08 v1.0l Graphics/color driver for pdftex
))
("C:\Users\Przemek\AppData\Local\Programs\MiKTeX 2.9\tex/latex/makecell\makecel
l.sty"
Package: makecell 2009/08/03 V0.1e Managing of Tab Column Heads and Cells

("C:\Users\Przemek\AppData\Local\Programs\MiKTeX 2.9\tex/latex/tools\array.sty"
Package: array 2019/08/31 v2.4l Tabular extension package (FMi)
\col@sep=\dimen136
\ar@mcellbox=\box45
\extrarowheight=\dimen137
\NC@list=\toks17
\extratabsurround=\skip49
\backup@length=\skip50
\ar@cellbox=\box46
)
\rotheadsize=\dimen138
\c@nlinenum=\count175
\TeXr@lab=\toks18
)
("C:\Users\Przemek\AppData\Local\Programs\MiKTeX 2.9\tex/latex/graphics\graphic
x.sty"
Package: graphicx 2019/11/30 v1.2a Enhanced LaTeX Graphics (DPC,SPQR)

("C:\Users\Przemek\AppData\Local\Programs\MiKTeX 2.9\tex/latex/graphics\keyval.
sty"
Package: keyval 2014/10/28 v1.15 key=value parser (DPC)
\KV@toks@=\toks19
)
("C:\Users\Przemek\AppData\Local\Programs\MiKTeX 2.9\tex/latex/graphics\graphic
s.sty"
Package: graphics 2019/11/30 v1.4a Standard LaTeX Graphics (DPC,SPQR)

("C:\Users\Przemek\AppData\Local\Programs\MiKTeX 2.9\tex/latex/graphics\trig.st
y"
Package: trig 2016/01/03 v1.10 sin cos tan (DPC)
)
("C:\Users\Przemek\AppData\Local\Programs\MiKTeX 2.9\tex/latex/graphics-cfg\gra
phics.cfg"
File: graphics.cfg 2016/06/04 v1.11 sample graphics configuration
)
Package graphics Info: Driver file: pdftex.def on input line 105.
)
\Gin@req@height=\dimen139
\Gin@req@width=\dimen140
)
("C:\Users\Przemek\AppData\Local\Programs\MiKTeX 2.9\tex/latex/hyperref\hyperre
f.sty"
Package: hyperref 2020/01/14 v7.00d Hypertext links for LaTeX

("C:\Users\Przemek\AppData\Local\Programs\MiKTeX 2.9\tex/generic/ltxcmds\ltxcmd
s.sty"
Package: ltxcmds 2019/12/15 v1.24 LaTeX kernel commands for general use (HO)
)
("C:\Users\Przemek\AppData\Local\Programs\MiKTeX 2.9\tex/generic/iftex\iftex.st
y"
Package: iftex 2020/03/06 v1.0d TeX engine tests
)
("C:\Users\Przemek\AppData\Local\Programs\MiKTeX 2.9\tex/latex/pdftexcmds\pdfte
xcmds.sty"
Package: pdftexcmds 2019/11/24 v0.31 Utility functions of pdfTeX for LuaTeX (HO
)

("C:\Users\Przemek\AppData\Local\Programs\MiKTeX 2.9\tex/generic/infwarerr\infw
arerr.sty"
Package: infwarerr 2019/12/03 v1.5 Providing info/warning/error messages (HO)
)
Package pdftexcmds Info: \pdf@primitive is available.
Package pdftexcmds Info: \pdf@ifprimitive is available.
Package pdftexcmds Info: \pdfdraftmode found.
)
("C:\Users\Przemek\AppData\Local\Programs\MiKTeX 2.9\tex/generic/kvsetkeys\kvse
tkeys.sty"
Package: kvsetkeys 2019/12/15 v1.18 Key value parser (HO)
)
("C:\Users\Przemek\AppData\Local\Programs\MiKTeX 2.9\tex/generic/kvdefinekeys\k
vdefinekeys.sty"
Package: kvdefinekeys 2019-12-19 v1.6 Define keys (HO)
)
("C:\Users\Przemek\AppData\Local\Programs\MiKTeX 2.9\tex/generic/pdfescape\pdfe
scape.sty"
Package: pdfescape 2019/12/09 v1.15 Implements pdfTeX's escape features (HO)
)
("C:\Users\Przemek\AppData\Local\Programs\MiKTeX 2.9\tex/latex/hycolor\hycolor.
sty"
Package: hycolor 2020-01-27 v1.10 Color options for hyperref/bookmark (HO)
)
("C:\Users\Przemek\AppData\Local\Programs\MiKTeX 2.9\tex/latex/letltxmacro\letl
txmacro.sty"
Package: letltxmacro 2019/12/03 v1.6 Let assignment for LaTeX macros (HO)
)
("C:\Users\Przemek\AppData\Local\Programs\MiKTeX 2.9\tex/latex/auxhook\auxhook.
sty"
Package: auxhook 2019-12-17 v1.6 Hooks for auxiliary files (HO)
)
("C:\Users\Przemek\AppData\Local\Programs\MiKTeX 2.9\tex/latex/kvoptions\kvopti
ons.sty"
Package: kvoptions 2019/11/29 v3.13 Key value format for package options (HO)
)
\@linkdim=\dimen141
\Hy@linkcounter=\count176
\Hy@pagecounter=\count177

("C:\Users\Przemek\AppData\Local\Programs\MiKTeX 2.9\tex/latex/hyperref\pd1enc.
def"
File: pd1enc.def 2020/01/14 v7.00d Hyperref: PDFDocEncoding definition (HO)
Now handling font encoding PD1 ...
... no UTF-8 mapping file for font encoding PD1
)
("C:\Users\Przemek\AppData\Local\Programs\MiKTeX 2.9\tex/generic/intcalc\intcal
c.sty"
Package: intcalc 2019/12/15 v1.3 Expandable calculations with integers (HO)
)
("C:\Users\Przemek\AppData\Local\Programs\MiKTeX 2.9\tex/generic/etexcmds\etexc
mds.sty"
Package: etexcmds 2019/12/15 v1.7 Avoid name clashes with e-TeX commands (HO)
)
\Hy@SavedSpaceFactor=\count178
Package hyperref Info: Hyper figures OFF on input line 4547.
Package hyperref Info: Link nesting OFF on input line 4552.
Package hyperref Info: Hyper index ON on input line 4555.
Package hyperref Info: Plain pages OFF on input line 4562.
Package hyperref Info: Backreferencing OFF on input line 4567.
Package hyperref Info: Implicit mode ON; LaTeX internals redefined.
Package hyperref Info: Bookmarks ON on input line 4800.
\c@Hy@tempcnt=\count179
LaTeX Info: Redefining \url on input line 5159.
\XeTeXLinkMargin=\dimen142

("C:\Users\Przemek\AppData\Local\Programs\MiKTeX 2.9\tex/generic/bitset\bitset.
sty"
Package: bitset 2019/12/09 v1.3 Handle bit-vector datatype (HO)

("C:\Users\Przemek\AppData\Local\Programs\MiKTeX 2.9\tex/generic/bigintcalc\big
intcalc.sty"
Package: bigintcalc 2019/12/15 v1.5 Expandable calculations on big integers (HO
)
))
\Fld@menulength=\count180
\Field@Width=\dimen143
\Fld@charsize=\dimen144
Package hyperref Info: Hyper figures OFF on input line 6430.
Package hyperref Info: Link nesting OFF on input line 6435.
Package hyperref Info: Hyper index ON on input line 6438.
Package hyperref Info: backreferencing OFF on input line 6445.
Package hyperref Info: Link coloring OFF on input line 6450.
Package hyperref Info: Link coloring with OCG OFF on input line 6455.
Package hyperref Info: PDF/A mode OFF on input line 6460.
LaTeX Info: Redefining \ref on input line 6500.
LaTeX Info: Redefining \pageref on input line 6504.

("C:\Users\Przemek\AppData\Local\Programs\MiKTeX 2.9\tex/generic/atbegshi\atbeg
shi.sty"
Package: atbegshi 2019/12/05 v1.19 At begin shipout hook (HO)
)
\Hy@abspage=\count181
\c@Item=\count182
\c@Hfootnote=\count183
)
Package hyperref Info: Driver (autodetected): hpdftex.

("C:\Users\Przemek\AppData\Local\Programs\MiKTeX 2.9\tex/latex/hyperref\hpdftex
.def"
File: hpdftex.def 2020/01/14 v7.00d Hyperref driver for pdfTeX

("C:\Users\Przemek\AppData\Local\Programs\MiKTeX 2.9\tex/latex/atveryend\atvery
end.sty"
Package: atveryend 2019-12-11 v1.11 Hooks at the very end of document (HO)
Package atveryend Info: \enddocument detected (standard20110627).
)
\Fld@listcount=\count184
\c@bookmark@seq@number=\count185

("C:\Users\Przemek\AppData\Local\Programs\MiKTeX 2.9\tex/latex/rerunfilecheck\r
erunfilecheck.sty"
Package: rerunfilecheck 2019/12/05 v1.9 Rerun checks for auxiliary files (HO)

("C:\Users\Przemek\AppData\Local\Programs\MiKTeX 2.9\tex/generic/uniquecounter\
uniquecounter.sty"
Package: uniquecounter 2019/12/15 v1.4 Provide unlimited unique counter (HO)
)
Package uniquecounter Info: New unique counter `rerunfilecheck' on input line 2
86.
)
\Hy@SectionHShift=\skip51
)
("C:\Users\Przemek\AppData\Local\Programs\MiKTeX 2.9\tex/latex/multirow\multiro
w.sty"
Package: multirow 2019/05/31 v2.5 Span multiple rows of a table
\multirow@colwidth=\skip52
\multirow@cntb=\count186
\multirow@dima=\skip53
\bigstrutjot=\dimen145
)
("C:\Users\Przemek\AppData\Local\Programs\MiKTeX 2.9\tex/latex/l3backend\l3back
end-pdfmode.def"
File: l3backend-pdfmode.def 2020-03-12 L3 backend support: PDF mode
\l__kernel_color_stack_int=\count187
\l__pdf_internal_box=\box47
) (Sprawozdanie-projekt-1-klasyfikacja.aux

LaTeX Warning: Label `rysunek do eksperymentu 1 wariantu 1' multiply defined.

)
\openout1 = `Sprawozdanie-projekt-1-klasyfikacja.aux'.

LaTeX Font Info:    Checking defaults for OML/cmm/m/it on input line 24.
LaTeX Font Info:    ... okay on input line 24.
LaTeX Font Info:    Checking defaults for OMS/cmsy/m/n on input line 24.
LaTeX Font Info:    ... okay on input line 24.
LaTeX Font Info:    Checking defaults for OT1/cmr/m/n on input line 24.
LaTeX Font Info:    ... okay on input line 24.
LaTeX Font Info:    Checking defaults for T1/cmr/m/n on input line 24.
LaTeX Font Info:    ... okay on input line 24.
LaTeX Font Info:    Checking defaults for TS1/cmr/m/n on input line 24.
LaTeX Font Info:    ... okay on input line 24.
LaTeX Font Info:    Checking defaults for OMX/cmex/m/n on input line 24.
LaTeX Font Info:    ... okay on input line 24.
LaTeX Font Info:    Checking defaults for U/cmr/m/n on input line 24.
LaTeX Font Info:    ... okay on input line 24.
LaTeX Font Info:    Checking defaults for OT4/cmr/m/n on input line 24.
LaTeX Font Info:    Trying to load font information for OT4+cmr on input line 2
4.

("C:\Users\Przemek\AppData\Local\Programs\MiKTeX 2.9\tex/latex/polski\ot4cmr.fd
"
File: ot4cmr.fd 2008/02/24 v1.2.1 Font defs for fonts PL (MW)
)
LaTeX Font Info:    ... okay on input line 24.
LaTeX Font Info:    Checking defaults for PD1/pdf/m/n on input line 24.
LaTeX Font Info:    ... okay on input line 24.

("C:\Users\Przemek\AppData\Local\Programs\MiKTeX 2.9\tex/context/base/mkii\supp
-pdf.mkii"
[Loading MPS to PDF converter (version 2006.09.02).]
\scratchcounter=\count188
\scratchdimen=\dimen146
\scratchbox=\box48
\nofMPsegments=\count189
\nofMParguments=\count190
\everyMPshowfont=\toks20
\MPscratchCnt=\count191
\MPscratchDim=\dimen147
\MPnumerator=\count192
\makeMPintoPDFobject=\count193
\everyMPtoPDFconversion=\toks21
)
("C:\Users\Przemek\AppData\Local\Programs\MiKTeX 2.9\tex/latex/epstopdf-pkg\eps
topdf-base.sty"
Package: epstopdf-base 2020-01-24 v2.11 Base part for package epstopdf
Package epstopdf-base Info: Redefining graphics rule for `.eps' on input line 4
85.
)
\AtBeginShipoutBox=\box49
Package hyperref Info: Link coloring OFF on input line 24.

("C:\Users\Przemek\AppData\Local\Programs\MiKTeX 2.9\tex/latex/hyperref\nameref
.sty"
Package: nameref 2019/09/16 v2.46 Cross-referencing by name of section

("C:\Users\Przemek\AppData\Local\Programs\MiKTeX 2.9\tex/latex/refcount\refcoun
t.sty"
Package: refcount 2019/12/15 v3.6 Data extraction from label references (HO)
)
("C:\Users\Przemek\AppData\Local\Programs\MiKTeX 2.9\tex/generic/gettitlestring
\gettitlestring.sty"
Package: gettitlestring 2019/12/15 v1.6 Cleanup title references (HO)
)
\c@section@level=\count194
)
LaTeX Info: Redefining \ref on input line 24.
LaTeX Info: Redefining \pageref on input line 24.
LaTeX Info: Redefining \nameref on input line 24.
 (Sprawozdanie-projekt-1-klasyfikacja.out)
(Sprawozdanie-projekt-1-klasyfikacja.out)
\@outlinefile=\write3
\openout3 = `Sprawozdanie-projekt-1-klasyfikacja.out'.


Underfull \hbox (badness 10000) in paragraph at lines 26--26

 []

LaTeX Font Info:    External font `cmex10' loaded for size
(Font)              <12> on input line 26.
LaTeX Font Info:    External font `cmex10' loaded for size
(Font)              <8> on input line 26.
LaTeX Font Info:    External font `cmex10' loaded for size
(Font)              <6> on input line 26.

Underfull \hbox (badness 10000) in paragraph at lines 26--26

 []

LaTeX Font Info:    Trying to load font information for OT4+cmtt on input line 
26.

("C:\Users\Przemek\AppData\Local\Programs\MiKTeX 2.9\tex/latex/polski\ot4cmtt.f
d"
File: ot4cmtt.fd 2008/02/24 v1.2.1 Font defs for fonts PL (MW)
)
Overfull \hbox (57.31532pt too wide) in paragraph at lines 29--30
\OT4/cmr/m/it/12 http://archive.ics.uci.edu/ml/datasets/Reuters-21578+Text+Cate
gorization+Collection
 []


Underfull \hbox (badness 10000) in paragraph at lines 29--30

 []

LaTeX Font Info:    External font `cmex10' loaded for size
(Font)              <14.4> on input line 32.
LaTeX Font Info:    External font `cmex10' loaded for size
(Font)              <7> on input line 32.

Package hyperref Warning: Token not allowed in a PDF string (PDFDocEncoding):
(hyperref)                removing `math shift' on input line 32.


Package hyperref Warning: Token not allowed in a PDF string (PDFDocEncoding):
(hyperref)                removing `math shift' on input line 32.


Underfull \vbox (badness 2653) has occurred while \output is active []

 [1

{C:/Users/Przemek/AppData/Local/MiKTeX/2.9/pdftex/config/pdftex.map}]
Underfull \hbox (badness 10000) in paragraph at lines 49--50

 []


Underfull \hbox (badness 10000) in paragraph at lines 51--52

 []


Underfull \hbox (badness 10000) in paragraph at lines 53--54

 []

LaTeX Font Info:    Trying to load font information for OML+cmr on input line 5
5.
("C:\Users\Przemek\AppData\Local\Programs\MiKTeX 2.9\tex/latex/base\omlcmr.fd"
File: omlcmr.fd 2019/12/16 v2.5j Standard LaTeX font definitions
)
LaTeX Font Info:    Font shape `OML/cmr/m/n' in size <12> not available
(Font)              Font shape `OML/cmm/m/it' tried instead on input line 55.

Underfull \hbox (badness 10000) in paragraph at lines 55--56

 []


Underfull \hbox (badness 10000) in paragraph at lines 56--57

 []


Underfull \hbox (badness 10000) in paragraph at lines 57--58

 []


Underfull \hbox (badness 10000) in paragraph at lines 58--59

 []

[2]
Underfull \hbox (badness 10000) in paragraph at lines 59--60

 []


Underfull \hbox (badness 10000) in paragraph at lines 60--61

 []


Underfull \hbox (badness 10000) in paragraph at lines 61--62

 []


Underfull \hbox (badness 10000) in paragraph at lines 62--63

 []


Underfull \hbox (badness 10000) in paragraph at lines 63--64

 []


Underfull \hbox (badness 10000) in paragraph at lines 64--65

 []


Underfull \hbox (badness 10000) in paragraph at lines 67--69

 []


Underfull \hbox (badness 10000) in paragraph at lines 75--76

 []

[3]
LaTeX Font Info:    External font `cmex10' loaded for size
(Font)              <5> on input line 83.

Overfull \vbox (1.00003pt too high) detected at line 83
 []


Underfull \hbox (badness 10000) in paragraph at lines 93--94

 []

[4]
<Ekstrakcja.png, id=107, 1125.20375pt x 610.28pt>
File: Ekstrakcja.png Graphic file (type png)
<use Ekstrakcja.png>
Package pdftex.def Info: Ekstrakcja.png  used on input line 118.
(pdftex.def)             Requested size: 398.33858pt x 216.05028pt.

Overfull \hbox (8.33858pt too wide) in paragraph at lines 118--120
 [][] 
 []

<Klasyfikator.png, id=110, 1386.17876pt x 469.755pt>
File: Klasyfikator.png Graphic file (type png)
<use Klasyfikator.png>
Package pdftex.def Info: Klasyfikator.png  used on input line 128.
(pdftex.def)             Requested size: 398.33858pt x 134.99258pt.

Overfull \hbox (8.33858pt too wide) in paragraph at lines 128--130
 [][] 
 []

[5 <./Ekstrakcja.png> <./Klasyfikator.png (PNG copy)>]
Overfull \hbox (3.55147pt too wide) in paragraph at lines 137--141
[]\OT4/cmr/m/n/12 Krótki ilu-stro-wa-ny opis jak u»yt-kow-nik mo-»e ko-rzy-sta¢
 z apli-ka-cji, w szcze-
 []


Underfull \hbox (badness 10000) in paragraph at lines 143--146

 []


Underfull \hbox (badness 10000) in paragraph at lines 147--149

 []


Underfull \hbox (badness 10000) in paragraph at lines 155--163

 []


Underfull \hbox (badness 10000) in paragraph at lines 164--166

 []

[6]
LaTeX Font Info:    External font `cmex10' loaded for size
(Font)              <10.95> on input line 180.

Underfull \hbox (badness 10000) in paragraph at lines 180--181
[]\OT4/cmr/m/n/10.95 Internet fo-rum. Wi-ki-pe-dia: The Free En-cyc-lo-pe-dia, 
Do-st¦p-ny w:
 []


Underfull \hbox (badness 10000) in paragraph at lines 180--181
[]$\OT4/cmtt/m/n/10.95 https : / / pl . wikipedia . org / wiki / Tablica _ pomy
 % C5 % 82ek ? fbclid =
 []

Package atveryend Info: Empty hook `BeforeClearDocument' on input line 186.
[7]
Package atveryend Info: Empty hook `AfterLastShipout' on input line 186.
 (Sprawozdanie-projekt-1-klasyfikacja.aux)
Package atveryend Info: Executing hook `AtVeryEndDocument' on input line 186.
Package atveryend Info: Executing hook `AtEndAfterFileList' on input line 186.
Package rerunfilecheck Info: File `Sprawozdanie-projekt-1-klasyfikacja.out' has
 not changed.
(rerunfilecheck)             Checksum: 9B467B6C5CE2E2C0CA8984DF8EAAAD4E;833.


LaTeX Warning: There were multiply-defined labels.

Package atveryend Info: Empty hook `AtVeryVeryEnd' on input line 186.
 ) 
Here is how much of TeX's memory you used:
 5976 strings out of 480931
 94136 string characters out of 2898858
 354557 words of memory out of 3000000
 21687 multiletter control sequences out of 15000+200000
 542324 words of font info for 51 fonts, out of 3000000 for 9000
 1141 hyphenation exceptions out of 8191
 36i,18n,32p,683b,452s stack positions out of 5000i,500n,10000p,200000b,50000s
{C:/Users/Przemek/AppData/Local/Programs/MiKTeX 2.9/fonts/enc/dvips/pl/pltt.e
nc}{C:/Users/Przemek/AppData/Local/Programs/MiKTeX 2.9/fonts/enc/dvips/pl/plrm.
enc}{C:/Users/Przemek/AppData/Local/Programs/MiKTeX 2.9/fonts/enc/dvips/pl/plit
.enc}<C:/Users/Przemek/AppData/Local/Programs/MiKTeX 2.9/fonts/type1/public/ams
fonts/cm/cmmi12.pfb><C:/Users/Przemek/AppData/Local/Programs/MiKTeX 2.9/fonts/t
ype1/public/amsfonts/cm/cmr12.pfb><C:/Users/Przemek/AppData/Local/Programs/MiKT
eX 2.9/fonts/type1/public/amsfonts/cm/cmr8.pfb><C:/Users/Przemek/AppData/Local/
Programs/MiKTeX 2.9/fonts/type1/public/amsfonts/cm/cmsy10.pfb><C:/Users/Przemek
/AppData/Local/Programs/MiKTeX 2.9/fonts/type1/public/pl/plbx12.pfb><C:/Users/P
rzemek/AppData/Local/Programs/MiKTeX 2.9/fonts/type1/public/pl/plr10.pfb><C:/Us
ers/Przemek/AppData/Local/Programs/MiKTeX 2.9/fonts/type1/public/pl/plr12.pfb><
C:/Users/Przemek/AppData/Local/Programs/MiKTeX 2.9/fonts/type1/public/pl/plr17.
pfb><C:/Users/Przemek/AppData/Local/Programs/MiKTeX 2.9/fonts/type1/public/pl/p
lr8.pfb><C:/Users/Przemek/AppData/Local/Programs/MiKTeX 2.9/fonts/type1/public/
pl/plti12.pfb><C:/Users/Przemek/AppData/Local/Programs/MiKTeX 2.9/fonts/type1/p
ublic/pl/pltt10.pfb>
Output written on Sprawozdanie-projekt-1-klasyfikacja.pdf (7 pages, 219806 byte
s).
PDF statistics:
 181 PDF objects out of 1000 (max. 8388607)
 48 named destinations out of 1000 (max. 500000)
 107 words of extra memory for PDF output out of 10000 (max. 10000000)

