\BOOKMARK [1][-]{section.1}{Cel}{}% 1
\BOOKMARK [1][-]{section.2}{Charakterystyka podsumowywanej bazy danych}{}% 2
\BOOKMARK [1][-]{section.3}{Atrybuty i licznosci obiekt\363w wyrazone zmiennymi lingwistycznymi}{}% 3
\BOOKMARK [2][-]{subsection.3.1}{Czas utrudnien w ruchu drogowym spowodowanych przez wypadek}{section.3}% 4
\BOOKMARK [2][-]{subsection.3.2}{Odleg\233osc}{section.3}% 5
\BOOKMARK [2][-]{subsection.3.3}{Tempertura i temperatura odczuwalna}{section.3}% 6
\BOOKMARK [2][-]{subsection.3.4}{Wilgotnosc}{section.3}% 7
\BOOKMARK [2][-]{subsection.3.5}{Cisnienie}{section.3}% 8
\BOOKMARK [2][-]{subsection.3.6}{Widocznosc}{section.3}% 9
\BOOKMARK [2][-]{subsection.3.7}{Predkosc wiatru}{section.3}% 10
\BOOKMARK [2][-]{subsection.3.8}{Opady}{section.3}% 11
\BOOKMARK [2][-]{subsection.3.9}{Kwantyfikator lingwistyczny wzgledny}{section.3}% 12
\BOOKMARK [2][-]{subsection.3.10}{Kwantyfikator lingwistyczny absolutny}{section.3}% 13
\BOOKMARK [1][-]{section.4}{Narzedzia obliczeniowe: projekt \(wyb\363r, implementacja\) i diagram UML pakietu obliczen rozmytych. Diagram UML generatora podsumowan}{}% 14
\BOOKMARK [2][-]{subsection.4.1}{Diagram pakietu obliczen rozmytych}{section.4}% 15
\BOOKMARK [2][-]{subsection.4.2}{Diagram UML generatora podsumowan. Kr\363tka instrukcja uzytkownika}{section.4}% 16
\BOOKMARK [1][-]{section.5}{ Jednopodmiotowe podsumowania lingwistyczne. Miary jakosci, podsumowanie optymalne}{}% 17
\BOOKMARK [1][-]{section.6}{Wielopodmiotowe podsumowania lingwistyczne i ich miary jakosci}{}% 18
\BOOKMARK [1][-]{section.7}{Dyskusja, wnioski}{}% 19
\BOOKMARK [1][-]{section.8}{Braki w realizacji projektu 2.}{}% 20
\BOOKMARK [1][-]{section*.1}{Literatura}{}% 21
