\BOOKMARK [1][-]{section.1}{Cel}{}% 1
\BOOKMARK [1][-]{section.2}{Charakterystyka podsumowywanej bazy danych}{}% 2
\BOOKMARK [1][-]{section.3}{Atrybuty i licznosci obiekt\363w wyrazone zmiennymi lingwistycznymi}{}% 3
\BOOKMARK [2][-]{subsection.3.1}{Czas utrudnien w ruchu drogowym spowodowanych przez wypadek}{section.3}% 4
\BOOKMARK [2][-]{subsection.3.2}{Odleg\233osc}{section.3}% 5
\BOOKMARK [2][-]{subsection.3.3}{Temperatura i temperatura odczuwalna}{section.3}% 6
\BOOKMARK [2][-]{subsection.3.4}{Wilgotnosc}{section.3}% 7
\BOOKMARK [2][-]{subsection.3.5}{Cisnienie}{section.3}% 8
\BOOKMARK [2][-]{subsection.3.6}{Widocznosc}{section.3}% 9
\BOOKMARK [2][-]{subsection.3.7}{Predkosc wiatru}{section.3}% 10
\BOOKMARK [2][-]{subsection.3.8}{Opady}{section.3}% 11
\BOOKMARK [2][-]{subsection.3.9}{Kwantyfikator lingwistyczny wzgledny}{section.3}% 12
\BOOKMARK [2][-]{subsection.3.10}{Kwantyfikator lingwistyczny absolutny}{section.3}% 13
\BOOKMARK [1][-]{section.4}{Narzedzia obliczeniowe: projekt \(wyb\363r, implementacja\) i diagram UML pakietu obliczen rozmytych. Diagram UML generatora podsumowan}{}% 14
\BOOKMARK [2][-]{subsection.4.1}{Diagram pakietu obliczen rozmytych}{section.4}% 15
\BOOKMARK [2][-]{subsection.4.2}{Diagram UML generatora podsumowan. Kr\363tka instrukcja uzytkownika}{section.4}% 16
\BOOKMARK [3][-]{subsubsection.4.2.1}{Diagram UML}{subsection.4.2}% 17
\BOOKMARK [3][-]{subsubsection.4.2.2}{Instrukcja obs\233ugi}{subsection.4.2}% 18
\BOOKMARK [1][-]{section.5}{ Jednopodmiotowe podsumowania lingwistyczne. Miary jakosci, podsumowanie optymalne}{}% 19
\BOOKMARK [2][-]{subsection.5.1}{Eksperyment 1}{section.5}% 20
\BOOKMARK [2][-]{subsection.5.2}{Eksperyment 2}{section.5}% 21
\BOOKMARK [2][-]{subsection.5.3}{Eksperyment 3}{section.5}% 22
\BOOKMARK [1][-]{section.6}{Wielopodmiotowe podsumowania lingwistyczne i ich miary jakosci}{}% 23
\BOOKMARK [2][-]{subsection.6.1}{Eksperyment 1}{section.6}% 24
\BOOKMARK [2][-]{subsection.6.2}{Eksperyment 2}{section.6}% 25
\BOOKMARK [2][-]{subsection.6.3}{Eksperyment 3}{section.6}% 26
\BOOKMARK [2][-]{subsection.6.4}{Eksperyment 4}{section.6}% 27
\BOOKMARK [1][-]{section.7}{Dyskusja, wnioski}{}% 28
\BOOKMARK [2][-]{subsection.7.1}{Dyskusja - Jednopodmiotowe podsumowania lingwistyczne}{section.7}% 29
\BOOKMARK [3][-]{subsubsection.7.1.1}{Jednopodmiotowe podsumowania lingwistyczne w pierwszej formie}{subsection.7.1}% 30
\BOOKMARK [3][-]{subsubsection.7.1.2}{Jednopodmiotowe podsumowania lingwistyczne w drugiej formie}{subsection.7.1}% 31
\BOOKMARK [2][-]{subsection.7.2}{ Dyskusja - Wielopodmiotowe podsumowania lingwistyczne}{section.7}% 32
\BOOKMARK [3][-]{subsubsection.7.2.1}{Wielopodmiotowe podsumowania lingwistyczne w pierwszej formie}{subsection.7.2}% 33
\BOOKMARK [3][-]{subsubsection.7.2.2}{Wielopodmiotowe podsumowania lingwistyczne w drugiej formie}{subsection.7.2}% 34
\BOOKMARK [3][-]{subsubsection.7.2.3}{Wielopodmiotowe podsumowania lingwistyczne w trzeciej formie}{subsection.7.2}% 35
\BOOKMARK [3][-]{subsubsection.7.2.4}{Wielopodmiotowe podsumowania lingwistyczne w czwartej formie}{subsection.7.2}% 36
\BOOKMARK [2][-]{subsection.7.3}{Wnioski}{section.7}% 37
\BOOKMARK [1][-]{section.8}{Braki w realizacji projektu 2.}{}% 38
\BOOKMARK [1][-]{section*.1}{Literatura}{}% 39
